Resolving dependencies...
Downloading packages...
  _fe_analyzer_shared 85.0.0 (97.0.0 available)
  analyzer 7.6.0 (11.0.0 available)
  analyzer_plugin 0.13.4 (0.14.5 available)
  build 2.5.4 (4.0.4 available)
  build_config 1.1.2 (1.3.0 available)
  build_resolvers 2.5.4 (3.0.4 available)
  build_runner 2.5.4 (2.11.1 available)
  build_runner_core 9.1.2 (9.3.2 available)
  characters 1.4.0 (1.4.1 available)
  custom_lint_core 0.7.5 (0.8.2 available)
  custom_lint_visitor 1.0.0+7.7.0 (1.0.0+9.0.0 available)
  dart_style 3.1.1 (3.1.6 available)
  flutter_lints 3.0.2 (6.0.0 available)
  flutter_local_notifications 17.2.4 (20.1.0 available)
  flutter_local_notifications_linux 4.0.1 (7.0.0 available)
  flutter_local_notifications_platform_interface 7.2.0 (10.0.0 available)
  flutter_riverpod 2.6.1 (3.2.1 available)
  flutter_secure_storage 9.2.4 (10.0.0 available)
  flutter_secure_storage_linux 1.2.3 (3.0.0 available)
  flutter_secure_storage_macos 3.1.3 (4.0.0 available)
  flutter_secure_storage_platform_interface 1.1.2 (2.0.1 available)
  flutter_secure_storage_web 1.2.1 (2.1.0 available)
  flutter_secure_storage_windows 3.1.2 (4.1.0 available)
  geolocator 11.1.0 (14.0.2 available)
  geolocator_android 4.6.2 (5.0.2 available)
  geolocator_web 3.0.0 (4.1.3 available)
  go_router 13.2.5 (17.1.0 available)
  intl 0.19.0 (0.20.2 available)
  js 0.6.7 (0.7.2 available)
  lints 3.0.0 (6.1.0 available)
  matcher 0.12.17 (0.12.19 available)
  material_color_utilities 0.11.1 (0.13.0 available)
  meta 1.17.0 (1.18.1 available)
  mobile_scanner 4.0.1 (7.2.0 available)
  riverpod 2.6.1 (3.2.1 available)
  riverpod_annotation 2.6.1 (4.0.2 available)
  riverpod_generator 2.6.5 (4.0.3 available)
  source_gen 2.0.0 (4.2.0 available)
  test_api 0.7.7 (0.7.10 available)
  timezone 0.9.4 (0.11.0 available)
  win32 5.15.0 (6.0.0 available)
Got dependencies!
41 packages have newer versions incompatible with dependency constraints.
Try `flutter pub outdated` for more information.
Upgrading build.gradle.kts
Running Gradle task 'assembleDebug'...                          

FAILURE: Build failed with an exception.

* Where:
Settings file 'C:\Users\Utilisateur\Pickupoint\mobile\android\settings.gradle.kts' line: 20

* What went wrong:
Error resolving plugin [id: 'dev.flutter.flutter-plugin-loader', version: '1.0.0']
> A problem occurred configuring project ':gradle'.
   > Could not read workspace metadata from C:\Users\Utilisateur\.gradle\caches\8.14\kotlin-dsl\accessors\56dbf8fcbc33ac62f02ddb82fe49ce4d\metadata.bin

* Try:
> Run with --stacktrace option to get the stack trace.
> Run with --info or --debug option to get more log output.
> Run with --scan to get full insights.
> Get more help at https://help.gradle.org.

BUILD FAILED in 1s
Running Gradle task 'assembleDebug'...                           2â€¯264ms
Gradle task assembleDebug failed with exit code 1
